Grid generated on: Wednesday, August 16, 2017
Time to generate: 0.0330317
Total verticies: 11418  Total Indexes: 22836
Grid generated on: Wednesday, August 16, 2017
Time to generate: 32.362377
Total verticies: 20784000  Total Indexes: 41568000
Grid generated on: Wednesday, August 16, 2017
Time to generate: 3.1710286
Total verticies: 2311152  Total Indexes: 4622304
Grid generated on: Friday, August 18, 2017
Time to generate: 0.0385371
Total verticies: 11418  Total Indexes: 22836
Grid generated on: Friday, August 18, 2017
Time to generate: 0.0300288
Total verticies: 11418  Total Indexes: 22836
Grid generated on: Friday, August 18, 2017
Time to generate: 0.0515497
Total verticies: 11418  Total Indexes: 22836
Grid generated on: Friday, August 18, 2017
Time to generate: 0.0310299
Total verticies: 11418  Total Indexes: 22836
Grid generated on: Friday, August 18, 2017
Time to generate: 0.0305291
Total verticies: 11418  Total Indexes: 22836
Grid generated on: Friday, August 18, 2017
Time to generate: 0.0300288
Total verticies: 11418  Total Indexes: 22836
Grid generated on: Friday, August 18, 2017
Time to generate: 3.50286
Total verticies: 2311152  Total Indexes: 4622304
Grid generated on: Friday, August 18, 2017
Time to generate: 2.3792818
Total verticies: 2311152  Total Indexes: 4622304
Grid generated on: Friday, August 18, 2017
Time to generate: 2.3817846
Total verticies: 2311152  Total Indexes: 4622304
Grid generated on: Friday, August 18, 2017
Time to generate: 2.3742775
Total verticies: 2311152  Total Indexes: 4622304
Grid generated on: Friday, August 18, 2017
Time to generate: 3.2280963
Total verticies: 2311152  Total Indexes: 4622304
Grid generated on: Friday, August 18, 2017
Time to generate: 2.3807837
Total verticies: 2311152  Total Indexes: 4622304
Grid generated on: Friday, August 18, 2017
Time to generate: 2.3497542
Total verticies: 2311152  Total Indexes: 4622304
Grid generated on: Friday, August 18, 2017
Time to generate: 3.2956636
Total verticies: 2311152  Total Indexes: 4622304
Grid generated on: Friday, August 18, 2017
Time to generate: 3.2981658
Total verticies: 2311152  Total Indexes: 4622304
Grid generated on: Friday, August 18, 2017
Time to generate: 3.3226889
Total verticies: 2311152  Total Indexes: 4622304
Grid generated on: Friday, August 18, 2017
Time to generate: 3.2260964
Total verticies: 2311152  Total Indexes: 4622304
Grid generated on: Friday, August 18, 2017
Time to generate: 3.2185896
Total verticies: 2311152  Total Indexes: 4622304
Grid generated on: Friday, August 18, 2017
Time to generate: 3.2321025
Total verticies: 2311152  Total Indexes: 4622304
Grid generated on: Friday, August 18, 2017
Time to generate: 3.2175881
Total verticies: 2311152  Total Indexes: 4622304
Grid generated on: Friday, August 18, 2017
Time to generate: 3.227598
Total verticies: 2311152  Total Indexes: 4622304
Grid generated on: Saturday, August 19, 2017
Time to generate: 3.3081755
Total verticies: 2311152  Total Indexes: 4622304
Grid generated on: Saturday, August 19, 2017
Time to generate: 3.4117745
Total verticies: 2311152  Total Indexes: 4622304
Grid generated on: Saturday, August 19, 2017
Time to generate: 3.3697342
Total verticies: 2311152  Total Indexes: 4622304
Grid generated on: Saturday, August 19, 2017
Time to generate: 3.3091759
Total verticies: 2311152  Total Indexes: 4622304
Grid generated on: Saturday, August 19, 2017
Time to generate: 3.2556249
Total verticies: 2311152  Total Indexes: 4622304
Grid generated on: Saturday, August 19, 2017
Time to generate: 3.4127759
Total verticies: 2311152  Total Indexes: 4622304
Grid generated on: Saturday, August 19, 2017
Time to generate: 3.4007641
Total verticies: 2311152  Total Indexes: 4622304
Grid generated on: Saturday, August 19, 2017
Time to generate: 10.2088015
Total verticies: 6930000  Total Indexes: 13860000
Grid generated on: Saturday, August 19, 2017
Time to generate: 13.659611
Total verticies: 9244620  Total Indexes: 18489240
Grid generated on: Saturday, August 19, 2017
Time to generate: 9.3830064
Total verticies: 9244620  Total Indexes: 18489240
Grid generated on: Saturday, August 19, 2017
Time to generate: 13.5379937
Total verticies: 9244620  Total Indexes: 18489240
Grid generated on: Saturday, August 19, 2017
Time to generate: 9.4851041
Total verticies: 9244620
Total Indexes: 18489240
Grid generated on: Saturday, August 19, 2017
Time to generate: 14.1731037
Total verticies: 14432886
Total Indexes: 28865772
Grid generated on: Saturday, August 19, 2017
Time to generate: 14.182613
Time to generate: 14.182613
Total verticies: 14432886
Total Indexes: 28865772
Hex Cell Count: 2405481
Grid generated on: Monday, August 21, 2017
Time to generate: 6.6593921
Time to generate: 6.6593921
Total verticies: 4712400
Total Indexes: 9424800
Hex Cell Count: 785400
Grid generated on: Monday, August 21, 2017
Time to generate: 6.6839157
Time to generate: 6.6839157
Total verticies: 4712400
Total Indexes: 9424800
Hex Cell Count: 785400
Grid generated on: Monday, August 21, 2017
Time to generate: 2.4493508
Time to generate: 2.4493508
Total verticies: 1695870
Total Indexes: 3391740
Hex Cell Count: 282645
Grid generated on: Wednesday, August 23, 2017
Time to generate: 2.3542607
Time to generate: 2.3542607
Total verticies: 1695870
Total Indexes: 3391740
Hex Cell Count: 282645
Grid generated on: Wednesday, August 23, 2017
Time to generate: 2.3492555
Time to generate: 2.3492555
Total verticies: 1695870
Total Indexes: 3391740
Hex Cell Count: 282645
Grid generated on: Wednesday, August 23, 2017
Time to generate: 1.8507768
Time to generate: 1.8507768
Total verticies: 1695870
Total Indexes: 3391740
Hex Cell Count: 282645
Grid generated on: Wednesday, August 23, 2017
Time to generate: 4.727039
Time to generate: 4.727039
Total verticies: 3326400
Total Indexes: 6652800
Hex Cell Count: 554400
Grid generated on: Wednesday, August 23, 2017
Time to generate: 4.6764903
Time to generate: 4.6764903
Total verticies: 3326400
Total Indexes: 6652800
Hex Cell Count: 554400
Grid generated on: Wednesday, August 23, 2017
Time to generate: 4.6199353
Time to generate: 4.6199353
Total verticies: 3326400
Total Indexes: 6652800
Hex Cell Count: 554400
Grid generated on: Wednesday, August 23, 2017
Time to generate: 4.6309467
Time to generate: 4.6309467
Total verticies: 3326400
Total Indexes: 6652800
Hex Cell Count: 554400
Grid generated on: Wednesday, August 23, 2017
Time to generate: 4.6619761
Time to generate: 4.6619761
Total verticies: 3326400
Total Indexes: 6652800
Hex Cell Count: 554400
Grid generated on: Wednesday, August 23, 2017
Time to generate: 2.8026912
Time to generate: 2.8026912
Total verticies: 3326400
Total Indexes: 6652800
Hex Cell Count: 554400
Grid generated on: Wednesday, August 23, 2017
Time to generate: 6.1949505
Time to generate: 6.1949505
Total verticies: 3326400
Total Indexes: 5850086
Hex Cell Count: 554400
Grid generated on: Wednesday, August 23, 2017
Time to generate: 3.2646341
Time to generate: 3.2646341
Total verticies: 3326400
Total Indexes: 5850086
Hex Cell Count: 554400
Grid generated on: Wednesday, August 23, 2017
Time to generate: 133.2825538
Time to generate: 133.2825538
Total verticies: 3326400
Total Indexes: 5850086
Hex Cell Count: 554400
Grid generated on: Wednesday, August 23, 2017
Time to generate: 5.4792605
Time to generate: 5.4792605
Total verticies: 3326400
Total Indexes: 802714
Hex Cell Count: 554400
Grid generated on: Wednesday, August 23, 2017
Time to generate: 6.6769108
Time to generate: 6.6769108
Total verticies: 3326400
Total Indexes: 2231296
Hex Cell Count: 554400
Grid generated on: Thursday, August 24, 2017
Time to generate: 6.4627048
Time to generate: 6.4627048
Total verticies: 3326400
Total Indexes: 2231296
Hex Cell Count: 554400
Grid generated on: Thursday, August 24, 2017
Time to generate: 0.0210203
Time to generate: 0.0210203
Total verticies: 138
Total Indexes: 176
Hex Cell Count: 23
Grid generated on: Thursday, August 24, 2017
Time to generate: 0.0230223
Time to generate: 0.0230223
Total verticies: 138
Total Indexes: 176
Hex Cell Count: 23
Grid generated on: Thursday, August 24, 2017
Time to generate: 13.9548991
Time to generate: 13.9548991
Total verticies: 138
Total Indexes: 176
Hex Cell Count: 23
Grid generated on: Thursday, August 24, 2017
Time to generate: 0.0170162
Time to generate: 0.0170162
Total verticies: 138
Total Indexes: 176
Hex Cell Count: 23
Grid generated on: Thursday, August 24, 2017
Time to generate: 1847.7657038
Time to generate: 1847.7657038
Total verticies: 138
Total Indexes: 176
Hex Cell Count: 23
Grid generated on: Thursday, August 24, 2017
Time to generate: 0.0205198
Time to generate: 0.0205198
Total verticies: 6
Total Indexes: 12
Hex Cell Count: 1
Grid generated on: Thursday, August 24, 2017
Time to generate: 0.0215206
Time to generate: 0.0215206
Total verticies: 42
Total Indexes: 60
Hex Cell Count: 7
Grid generated on: Thursday, August 24, 2017
Time to generate: 0.0215206
Time to generate: 0.0215206
Total verticies: 42
Total Indexes: 60
Hex Cell Count: 7
Grid generated on: Thursday, August 24, 2017
Time to generate: 0.0155148
Time to generate: 0.0155148
Total verticies: 42
Total Indexes: 60
Hex Cell Count: 7
Grid generated on: Thursday, August 24, 2017
Time to generate: 0.0200192
Time to generate: 0.0200192
Total verticies: 42
Total Indexes: 60
Hex Cell Count: 7
Grid generated on: Thursday, August 24, 2017
Time to generate: 0.0220209
Time to generate: 0.0220209
Total verticies: 42
Total Indexes: 60
Hex Cell Count: 7
Grid generated on: Thursday, August 24, 2017
Time to generate: 1.6295646
Time to generate: 1.6295646
Total verticies: 831600
Total Indexes: 834584
Hex Cell Count: 138600
Grid generated on: Thursday, August 24, 2017
Time to generate: 6.6493845
Time to generate: 6.6493845
Total verticies: 3326400
Total Indexes: 3332370
Hex Cell Count: 554400
Grid generated on: Thursday, August 24, 2017
Time to generate: 3.2546245
Time to generate: 3.2546245
Total verticies: 3326400
Total Indexes: 3332370
Hex Cell Count: 554400
Grid generated on: Thursday, August 24, 2017
Time to generate: 3.3171849
Time to generate: 3.3171849
Total verticies: 3326400
Total Indexes: 3332370
Hex Cell Count: 554400
Grid generated on: Friday, August 25, 2017
Time to generate: 7.0122326
Time to generate: 7.0122326
Total verticies: 3326400
Total Indexes: 3332370
Hex Cell Count: 554400
Grid generated on: Friday, August 25, 2017
Time to generate: 6.5092517
Time to generate: 6.5092517
Total verticies: 3326400
Total Indexes: 3332370
Hex Cell Count: 554400
Grid generated on: Friday, August 25, 2017
Time to generate: 6.4126574
Time to generate: 6.4126574
Total verticies: 3326400
Total Indexes: 3332370
Hex Cell Count: 554400
Grid generated on: Friday, August 25, 2017
Time to generate: 6.8570838
Time to generate: 6.8570838
Total verticies: 3326400
Total Indexes: 3332370
Hex Cell Count: 554400
Grid generated on: Friday, August 25, 2017
Time to generate: 7.0212414
Time to generate: 7.0212414
Total verticies: 3326400
Total Indexes: 3332370
Hex Cell Count: 554400
